<?xml version="1.0" encoding="UTF-8"?>
<testsuite xmlns:xsi="http://www.w3.org/2001/XMLSchema-instance" xsi:noNamespaceSchemaLocation="https://maven.apache.org/surefire/maven-surefire-plugin/xsd/surefire-test-report-3.0.xsd" version="3.0" name="org.onap.dmaap.kafka.OnapKafkaClientTest" time="53.947" tests="4" errors="0" skipped="0" failures="0">
  <properties>
[...]
</properties>
  <testcase name="whenProducingCorrectRecordsArePresent" classname="org.onap.dmaap.kafka.OnapKafkaClientTest" time="30.665"/>
  <testcase name="whenSubscribingToInvalidTopicExceptionIsLogged" classname="org.onap.dmaap.kafka.OnapKafkaClientTest" time="0.024"/>
  <testcase name="whenConsumingFromInvalidTopicEmptyListIsReturned" classname="org.onap.dmaap.kafka.OnapKafkaClientTest" time="0.013"/>
  <testcase name="whenPublishingToInvalidTopicExceptionIsLogged" classname="org.onap.dmaap.kafka.OnapKafkaClientTest" time="10.01"/>
</testsuite>